{"/Users/acostanza/gitlab/ts-rpc-http/src/client.ts": {"path":"/Users/acostanza/gitlab/ts-rpc-http/src/client.ts","statementMap":{"0":{"start":{"line":1,"column":14},"end":{"line":1,"column":30}},"1":{"start":{"line":5,"column":10},"end":{"line":5,"column":31}},"2":{"start":{"line":8,"column":4},"end":{"line":8,"column":27}},"3":{"start":{"line":16,"column":16},"end":{"line":16,"column":41}},"4":{"start":{"line":18,"column":20},"end":{"line":18,"column":58}},"5":{"start":{"line":20,"column":6},"end":{"line":20,"column":39}},"6":{"start":{"line":24,"column":21},"end":{"line":24,"column":61}},"7":{"start":{"line":25,"column":6},"end":{"line":25,"column":30}},"8":{"start":{"line":27,"column":6},"end":{"line":29,"column":8}},"9":{"start":{"line":4,"column":0},"end":{"line":4,"column":21}}},"fnMap":{"0":{"name":"(anonymous_6)","decl":{"start":{"line":7,"column":2},"end":{"line":7,"column":14}},"loc":{"start":{"line":7,"column":29},"end":{"line":9,"column":3}}}},"branchMap":{},"s":{"0":1,"1":2,"2":2,"3":2,"4":2,"5":0,"6":2,"7":2,"8":0,"9":1},"f":{"0":2},"b":{}}
,"/Users/acostanza/gitlab/ts-rpc-http/src/requestResponse.ts": {"path":"/Users/acostanza/gitlab/ts-rpc-http/src/requestResponse.ts","statementMap":{"0":{"start":{"line":4,"column":22},"end":{"line":4,"column":48}},"1":{"start":{"line":5,"column":2},"end":{"line":7,"column":4}},"2":{"start":{"line":6,"column":4},"end":{"line":6,"column":60}},"3":{"start":{"line":9,"column":2},"end":{"line":11,"column":4}},"4":{"start":{"line":10,"column":4},"end":{"line":10,"column":44}},"5":{"start":{"line":3,"column":0},"end":{"line":3,"column":13}},"6":{"start":{"line":15,"column":22},"end":{"line":15,"column":48}},"7":{"start":{"line":15,"column":58},"end":{"line":15,"column":72}},"8":{"start":{"line":16,"column":2},"end":{"line":18,"column":4}},"9":{"start":{"line":17,"column":4},"end":{"line":17,"column":56}},"10":{"start":{"line":14,"column":0},"end":{"line":14,"column":13}},"11":{"start":{"line":22,"column":22},"end":{"line":22,"column":46}},"12":{"start":{"line":25,"column":4},"end":{"line":25,"column":34}},"13":{"start":{"line":28,"column":4},"end":{"line":28,"column":32}},"14":{"start":{"line":21,"column":0},"end":{"line":21,"column":13}}},"fnMap":{"0":{"name":"(anonymous_0)","decl":{"start":{"line":4,"column":2},"end":{"line":4,"column":22}},"loc":{"start":{"line":4,"column":48},"end":{"line":4,"column":52}}},"1":{"name":"(anonymous_1)","decl":{"start":{"line":5,"column":11},"end":{"line":5,"column":12}},"loc":{"start":{"line":5,"column":30},"end":{"line":7,"column":3}}},"2":{"name":"(anonymous_2)","decl":{"start":{"line":9,"column":15},"end":{"line":9,"column":16}},"loc":{"start":{"line":9,"column":34},"end":{"line":11,"column":3}}},"3":{"name":"(anonymous_3)","decl":{"start":{"line":15,"column":2},"end":{"line":15,"column":22}},"loc":{"start":{"line":15,"column":72},"end":{"line":15,"column":76}}},"4":{"name":"(anonymous_4)","decl":{"start":{"line":16,"column":9},"end":{"line":16,"column":10}},"loc":{"start":{"line":16,"column":21},"end":{"line":18,"column":3}}},"5":{"name":"(anonymous_5)","decl":{"start":{"line":22,"column":2},"end":{"line":22,"column":22}},"loc":{"start":{"line":22,"column":46},"end":{"line":22,"column":50}}},"6":{"name":"(anonymous_6)","decl":{"start":{"line":23,"column":2},"end":{"line":23,"column":6}},"loc":{"start":{"line":23,"column":10},"end":{"line":26,"column":3}}},"7":{"name":"(anonymous_7)","decl":{"start":{"line":27,"column":2},"end":{"line":27,"column":6}},"loc":{"start":{"line":27,"column":13},"end":{"line":29,"column":3}}}},"branchMap":{},"s":{"0":2,"1":2,"2":2,"3":2,"4":0,"5":2,"6":2,"7":2,"8":2,"9":2,"10":2,"11":2,"12":2,"13":0,"14":2},"f":{"0":2,"1":2,"2":0,"3":2,"4":2,"5":2,"6":2,"7":0},"b":{}}
,"/Users/acostanza/gitlab/ts-rpc-http/src/server.ts": {"path":"/Users/acostanza/gitlab/ts-rpc-http/src/server.ts","statementMap":{"0":{"start":{"line":1,"column":0},"end":{"line":1,"column":42}},"1":{"start":{"line":2,"column":0},"end":{"line":2,"column":35}},"2":{"start":{"line":4,"column":0},"end":{"line":4,"column":29}},"3":{"start":{"line":5,"column":13},"end":{"line":5,"column":28}},"4":{"start":{"line":6,"column":0},"end":{"line":6,"column":81}},"5":{"start":{"line":7,"column":0},"end":{"line":7,"column":46}},"6":{"start":{"line":8,"column":11},"end":{"line":8,"column":26}},"7":{"start":{"line":10,"column":0},"end":{"line":10,"column":65}},"8":{"start":{"line":17,"column":22},"end":{"line":17,"column":35}},"9":{"start":{"line":47,"column":2},"end":{"line":58,"column":4}},"10":{"start":{"line":48,"column":4},"end":{"line":57,"column":7}},"11":{"start":{"line":49,"column":25},"end":{"line":49,"column":89}},"12":{"start":{"line":52,"column":8},"end":{"line":52,"column":46}},"13":{"start":{"line":53,"column":8},"end":{"line":53,"column":15}},"14":{"start":{"line":55,"column":8},"end":{"line":55,"column":51}},"15":{"start":{"line":18,"column":4},"end":{"line":18,"column":25}},"16":{"start":{"line":19,"column":4},"end":{"line":19,"column":25}},"17":{"start":{"line":20,"column":4},"end":{"line":20,"column":18}},"18":{"start":{"line":22,"column":6},"end":{"line":22,"column":23}},"19":{"start":{"line":33,"column":4},"end":{"line":35,"column":7}},"20":{"start":{"line":34,"column":6},"end":{"line":34,"column":72}},"21":{"start":{"line":41,"column":4},"end":{"line":43,"column":7}},"22":{"start":{"line":42,"column":6},"end":{"line":42,"column":25}},"23":{"start":{"line":62,"column":34},"end":{"line":71,"column":8}},"24":{"start":{"line":64,"column":26},"end":{"line":67,"column":12}},"25":{"start":{"line":65,"column":12},"end":{"line":65,"column":66}},"26":{"start":{"line":66,"column":12},"end":{"line":66,"column":29}},"27":{"start":{"line":69,"column":10},"end":{"line":69,"column":20}},"28":{"start":{"line":73,"column":6},"end":{"line":73,"column":27}},"29":{"start":{"line":75,"column":6},"end":{"line":75,"column":18}},"30":{"start":{"line":77,"column":6},"end":{"line":77,"column":21}},"31":{"start":{"line":82,"column":4},"end":{"line":90,"column":7}},"32":{"start":{"line":84,"column":8},"end":{"line":86,"column":11}},"33":{"start":{"line":85,"column":10},"end":{"line":85,"column":20}},"34":{"start":{"line":88,"column":8},"end":{"line":88,"column":18}},"35":{"start":{"line":95,"column":4},"end":{"line":95,"column":36}},"36":{"start":{"line":97,"column":4},"end":{"line":101,"column":6}},"37":{"start":{"line":14,"column":0},"end":{"line":14,"column":13}}},"fnMap":{"0":{"name":"(anonymous_6)","decl":{"start":{"line":17,"column":2},"end":{"line":17,"column":22}},"loc":{"start":{"line":17,"column":35},"end":{"line":24,"column":3}}},"1":{"name":"(anonymous_7)","decl":{"start":{"line":47,"column":20},"end":{"line":47,"column":21}},"loc":{"start":{"line":47,"column":43},"end":{"line":58,"column":3}}},"2":{"name":"(anonymous_8)","decl":{"start":{"line":48,"column":27},"end":{"line":48,"column":28}},"loc":{"start":{"line":48,"column":46},"end":{"line":57,"column":5}}},"3":{"name":"(anonymous_9)","decl":{"start":{"line":26,"column":2},"end":{"line":26,"column":5}},"loc":{"start":{"line":31,"column":76},"end":{"line":36,"column":3}}},"4":{"name":"(anonymous_10)","decl":{"start":{"line":33,"column":47},"end":{"line":33,"column":48}},"loc":{"start":{"line":33,"column":74},"end":{"line":35,"column":5}}},"5":{"name":"(anonymous_11)","decl":{"start":{"line":38,"column":2},"end":{"line":38,"column":12}},"loc":{"start":{"line":39,"column":79},"end":{"line":44,"column":3}}},"6":{"name":"(anonymous_12)","decl":{"start":{"line":41,"column":17},"end":{"line":41,"column":26}},"loc":{"start":{"line":41,"column":40},"end":{"line":43,"column":5}}},"7":{"name":"(anonymous_15)","decl":{"start":{"line":62,"column":52},"end":{"line":62,"column":53}},"loc":{"start":{"line":62,"column":72},"end":{"line":71,"column":7}}},"8":{"name":"(anonymous_16)","decl":{"start":{"line":64,"column":53},"end":{"line":64,"column":56}},"loc":{"start":{"line":64,"column":58},"end":{"line":67,"column":11}}},"9":{"name":"(anonymous_19)","decl":{"start":{"line":82,"column":23},"end":{"line":82,"column":24}},"loc":{"start":{"line":82,"column":43},"end":{"line":90,"column":5}}},"10":{"name":"(anonymous_20)","decl":{"start":{"line":84,"column":26},"end":{"line":84,"column":29}},"loc":{"start":{"line":84,"column":31},"end":{"line":86,"column":9}}},"11":{"name":"(anonymous_21)","decl":{"start":{"line":93,"column":10},"end":{"line":93,"column":16}},"loc":{"start":{"line":93,"column":16},"end":{"line":102,"column":3}}}},"branchMap":{},"s":{"0":2,"1":2,"2":2,"3":2,"4":2,"5":2,"6":2,"7":2,"8":2,"9":2,"10":1,"11":0,"12":0,"13":0,"14":0,"15":2,"16":2,"17":2,"18":1,"19":1,"20":2,"21":1,"22":0,"23":2,"24":2,"25":2,"26":2,"27":0,"28":2,"29":2,"30":0,"31":2,"32":2,"33":2,"34":0,"35":2,"36":2,"37":2},"f":{"0":2,"1":1,"2":0,"3":1,"4":2,"5":1,"6":0,"7":2,"8":2,"9":2,"10":2,"11":2},"b":{}}
,"/Users/acostanza/gitlab/ts-rpc-http/src/validator.ts": {"path":"/Users/acostanza/gitlab/ts-rpc-http/src/validator.ts","statementMap":{"0":{"start":{"line":1,"column":0},"end":{"line":1,"column":25}},"1":{"start":{"line":2,"column":17},"end":{"line":2,"column":47}},"2":{"start":{"line":4,"column":13},"end":{"line":10,"column":2}},"3":{"start":{"line":5,"column":17},"end":{"line":5,"column":65}},"4":{"start":{"line":6,"column":17},"end":{"line":6,"column":75}},"5":{"start":{"line":6,"column":63},"end":{"line":6,"column":74}},"6":{"start":{"line":8,"column":4},"end":{"line":8,"column":59}}},"fnMap":{"0":{"name":"(anonymous_0)","decl":{"start":{"line":4,"column":31},"end":{"line":4,"column":35}},"loc":{"start":{"line":4,"column":69},"end":{"line":10,"column":1}}},"1":{"name":"(anonymous_1)","decl":{"start":{"line":6,"column":54},"end":{"line":6,"column":59}},"loc":{"start":{"line":6,"column":63},"end":{"line":6,"column":74}}}},"branchMap":{},"s":{"0":2,"1":2,"2":2,"3":0,"4":0,"5":0,"6":0},"f":{"0":0,"1":0},"b":{}}
,"/Users/acostanza/gitlab/ts-rpc-http/test/clients.ts": {"path":"/Users/acostanza/gitlab/ts-rpc-http/test/clients.ts","statementMap":{"0":{"start":{"line":1,"column":0},"end":{"line":1,"column":35}},"1":{"start":{"line":14,"column":9},"end":{"line":17,"column":66}},"2":{"start":{"line":17,"column":21},"end":{"line":17,"column":66}},"3":{"start":{"line":17,"column":22},"end":{"line":17,"column":66}},"4":{"start":{"line":11,"column":4},"end":{"line":11,"column":38}},"5":{"start":{"line":8,"column":0},"end":{"line":8,"column":13}}},"fnMap":{"0":{"name":"(anonymous_6)","decl":{"start":{"line":10,"column":2},"end":{"line":10,"column":14}},"loc":{"start":{"line":10,"column":29},"end":{"line":12,"column":3}}},"1":{"name":"(anonymous_7)","decl":{"start":{"line":14,"column":22},"end":{"line":14,"column":null}},"loc":{"start":{"line":17,"column":21},"end":{"line":17,"column":66}}},"2":{"name":"(anonymous_8)","decl":{"start":{"line":17,"column":21},"end":{"line":17,"column":22}},"loc":{"start":{"line":17,"column":21},"end":{"line":17,"column":66}}}},"branchMap":{},"s":{"0":1,"1":2,"2":2,"3":2,"4":2,"5":1},"f":{"0":2,"1":2,"2":2},"b":{}}
}
