TN:
SF:/Users/acostanza/gitlab/ts-rpc-http/src/client.ts
FN:7,(anonymous_6)
FNF:1
FNH:1
FNDA:2,(anonymous_6)
DA:1,1
DA:4,1
DA:5,2
DA:8,2
DA:16,2
DA:18,2
DA:20,0
DA:24,2
DA:25,2
DA:27,0
LF:10
LH:8
BRF:0
BRH:0
end_of_record
TN:
SF:/Users/acostanza/gitlab/ts-rpc-http/src/requestResponse.ts
FN:4,(anonymous_0)
FN:5,(anonymous_1)
FN:9,(anonymous_2)
FN:15,(anonymous_3)
FN:16,(anonymous_4)
FN:22,(anonymous_5)
FN:23,(anonymous_6)
FN:27,(anonymous_7)
FNF:8
FNH:6
FNDA:2,(anonymous_0)
FNDA:2,(anonymous_1)
FNDA:0,(anonymous_2)
FNDA:2,(anonymous_3)
FNDA:2,(anonymous_4)
FNDA:2,(anonymous_5)
FNDA:2,(anonymous_6)
FNDA:0,(anonymous_7)
DA:3,2
DA:4,2
DA:5,2
DA:6,2
DA:9,2
DA:10,0
DA:14,2
DA:15,2
DA:16,2
DA:17,2
DA:21,2
DA:22,2
DA:25,2
DA:28,0
LF:14
LH:12
BRF:0
BRH:0
end_of_record
TN:
SF:/Users/acostanza/gitlab/ts-rpc-http/src/server.ts
FN:17,(anonymous_6)
FN:47,(anonymous_7)
FN:48,(anonymous_8)
FN:26,(anonymous_9)
FN:33,(anonymous_10)
FN:38,(anonymous_11)
FN:41,(anonymous_12)
FN:62,(anonymous_15)
FN:64,(anonymous_16)
FN:82,(anonymous_19)
FN:84,(anonymous_20)
FN:93,(anonymous_21)
FNF:12
FNH:10
FNDA:2,(anonymous_6)
FNDA:1,(anonymous_7)
FNDA:0,(anonymous_8)
FNDA:1,(anonymous_9)
FNDA:2,(anonymous_10)
FNDA:1,(anonymous_11)
FNDA:0,(anonymous_12)
FNDA:2,(anonymous_15)
FNDA:2,(anonymous_16)
FNDA:2,(anonymous_19)
FNDA:2,(anonymous_20)
FNDA:2,(anonymous_21)
DA:1,2
DA:2,2
DA:4,2
DA:5,2
DA:6,2
DA:7,2
DA:8,2
DA:10,2
DA:14,2
DA:17,2
DA:18,2
DA:19,2
DA:20,2
DA:22,1
DA:33,1
DA:34,2
DA:41,1
DA:42,0
DA:47,2
DA:48,1
DA:49,0
DA:52,0
DA:53,0
DA:55,0
DA:62,2
DA:64,2
DA:65,2
DA:66,2
DA:69,0
DA:73,2
DA:75,2
DA:77,0
DA:82,2
DA:84,2
DA:85,2
DA:88,0
DA:95,2
DA:97,2
LF:38
LH:30
BRF:0
BRH:0
end_of_record
TN:
SF:/Users/acostanza/gitlab/ts-rpc-http/src/validator.ts
FN:4,(anonymous_0)
FN:6,(anonymous_1)
FNF:2
FNH:0
FNDA:0,(anonymous_0)
FNDA:0,(anonymous_1)
DA:1,2
DA:2,2
DA:4,2
DA:5,0
DA:6,0
DA:8,0
LF:6
LH:3
BRF:0
BRH:0
end_of_record
TN:
SF:/Users/acostanza/gitlab/ts-rpc-http/test/clients.ts
FN:10,(anonymous_6)
FN:14,(anonymous_7)
FN:17,(anonymous_8)
FNF:3
FNH:3
FNDA:2,(anonymous_6)
FNDA:2,(anonymous_7)
FNDA:2,(anonymous_8)
DA:1,1
DA:8,1
DA:11,2
DA:14,2
DA:17,2
LF:5
LH:5
BRF:0
BRH:0
end_of_record
